<?xml version="1.0" encoding="UTF-8"?>
<testng-results ignored="0" total="1" passed="1" failed="0" skipped="0">
  <reporter-output>
  </reporter-output>
  <suite started-at="2024-03-29T22:02:42 IST" name="Default suite" finished-at="2024-03-29T22:03:08 IST" duration-ms="25512">
    <groups>
    </groups>
    <test started-at="2024-03-29T22:02:42 IST" name="Default test" finished-at="2024-03-29T22:03:08 IST" duration-ms="25512">
      <class name="TestPack.NaukriAutomate">
        <test-method is-config="true" signature="BeforeMethod()[pri:0, instance:TestPack.NaukriAutomate@26ceffa8]" started-at="2024-03-29T22:02:42 IST" name="BeforeMethod" finished-at="2024-03-29T22:02:52 IST" duration-ms="9828" status="PASS">
          <reporter-output>
          </reporter-output>
        </test-method> <!-- BeforeMethod -->
        <test-method signature="VeifyNaukri()[pri:0, instance:TestPack.NaukriAutomate@26ceffa8]" started-at="2024-03-29T22:02:52 IST" name="VeifyNaukri" finished-at="2024-03-29T22:03:07 IST" duration-ms="15195" status="PASS">
          <reporter-output>
          </reporter-output>
        </test-method> <!-- VeifyNaukri -->
        <test-method is-config="true" signature="TearDown()[pri:0, instance:TestPack.NaukriAutomate@26ceffa8]" started-at="2024-03-29T22:03:08 IST" name="TearDown" finished-at="2024-03-29T22:03:08 IST" duration-ms="177" status="PASS">
          <reporter-output>
          </reporter-output>
        </test-method> <!-- TearDown -->
      </class> <!-- TestPack.NaukriAutomate -->
    </test> <!-- Default test -->
  </suite> <!-- Default suite -->
</testng-results>
