<?xml version="1.0" encoding="UTF-8"?>
<testng-results ignored="0" total="1" passed="1" failed="0" skipped="0">
  <reporter-output>
  </reporter-output>
  <suite started-at="2024-03-18T21:45:10 IST" name="Default suite" finished-at="2024-03-18T21:45:30 IST" duration-ms="19849">
    <groups>
    </groups>
    <test started-at="2024-03-18T21:45:10 IST" name="Default test" finished-at="2024-03-18T21:45:30 IST" duration-ms="19849">
      <class name="TestPack.NaukriAutomate">
        <test-method is-config="true" signature="BeforeMethod()[pri:0, instance:TestPack.NaukriAutomate@8576fa0]" started-at="2024-03-18T21:45:10 IST" name="BeforeMethod" finished-at="2024-03-18T21:45:16 IST" duration-ms="5524" status="PASS">
          <reporter-output>
          </reporter-output>
        </test-method> <!-- BeforeMethod -->
        <test-method signature="VeifyNaukri()[pri:0, instance:TestPack.NaukriAutomate@8576fa0]" started-at="2024-03-18T21:45:16 IST" name="VeifyNaukri" finished-at="2024-03-18T21:45:30 IST" duration-ms="14009" status="PASS">
          <reporter-output>
          </reporter-output>
        </test-method> <!-- VeifyNaukri -->
        <test-method is-config="true" signature="TearDown()[pri:0, instance:TestPack.NaukriAutomate@8576fa0]" started-at="2024-03-18T21:45:30 IST" name="TearDown" finished-at="2024-03-18T21:45:30 IST" duration-ms="175" status="PASS">
          <reporter-output>
          </reporter-output>
        </test-method> <!-- TearDown -->
      </class> <!-- TestPack.NaukriAutomate -->
    </test> <!-- Default test -->
  </suite> <!-- Default suite -->
</testng-results>
